error[2017/8/26 19:19:37][db_mysql:411]DB MYSQL ERROR:insert into `fangjian_huifang_log` set `id` = 1,`room_id` = 253333,`time` = 1503671886,`player_list` = "[{record_player,10000,[23567,21496,26426,53,56,53,50,54,53],0}]",`round_record_list` = "[]" <<"#23000Duplicate entry '1' for key 'PRIMARY'">>
error[2017/8/26 19:19:37][do_data_of_mysql:235]备份 插入房间记录数据 ,_Err--------------:error
error[2017/8/26 19:19:37][db_mysql:411]DB MYSQL ERROR:insert into `fangjian_huifang_log` set `id` = 2,`room_id` = 343722,`time` = 1503728750,`player_list` = "[{record_player,10000,[23567,21496,26426,53,56,53,50,54,53],0}]",`round_record_list` = "[]" <<"#23000Duplicate entry '2' for key 'PRIMARY'">>
error[2017/8/26 19:19:37][do_data_of_mysql:235]备份 插入房间记录数据 ,_Err--------------:error
error[2017/8/26 19:19:37][do_data_of_mnesia:167]此次同步结束， :[{101,2,343722,1503728750,<<91,123,114,101,99,111,114,100,95,112,108,97,121,101,114,44,49,48,48,48,48,44,91,50,51,53,54,55,44,50,49,52,57,54,44,50,54,52,50,54,44,53,51,44,53,54,44,53,51,44,53,48,44,53,52,44,53,51,93,44,48,125,93>>,<<91,93>>},{101,1,253333,1503671886,<<91,123,114,101,99,111,114,100,95,112,108,97,121,101,114,44,49,48,48,48,48,44,91,50,51,53,54,55,44,50,49,52,57,54,44,50,54,52,50,54,44,53,51,44,53,54,44,53,51,44,53,48,44,53,52,44,53,51,93,44,48,125,93>>,<<91,93>>}]
error[2017/8/26 19:24:38][db_mysql:411]DB MYSQL ERROR:insert into `fangjian_huifang_log` set `id` = 2,`room_id` = 343722,`time` = 1503728750,`player_list` = "[{record_player,10000,[23567,21496,26426,53,56,53,50,54,53],0}]",`round_record_list` = "[]" <<"#23000Duplicate entry '2' for key 'PRIMARY'">>
error[2017/8/26 19:24:38][do_data_of_mysql:235]备份 插入房间记录数据 ,_Err--------------:error
error[2017/8/26 19:24:38][db_mysql:411]DB MYSQL ERROR:insert into `fangjian_huifang_log` set `id` = 1,`room_id` = 253333,`time` = 1503671886,`player_list` = "[{record_player,10000,[23567,21496,26426,53,56,53,50,54,53],0}]",`round_record_list` = "[]" <<"#23000Duplicate entry '1' for key 'PRIMARY'">>
error[2017/8/26 19:24:38][do_data_of_mysql:235]备份 插入房间记录数据 ,_Err--------------:error
error[2017/8/26 19:24:38][do_data_of_mnesia:167]此次同步结束， :[{101,1,253333,1503671886,<<91,123,114,101,99,111,114,100,95,112,108,97,121,101,114,44,49,48,48,48,48,44,91,50,51,53,54,55,44,50,49,52,57,54,44,50,54,52,50,54,44,53,51,44,53,54,44,53,51,44,53,48,44,53,52,44,53,51,93,44,48,125,93>>,<<91,93>>},{101,2,343722,1503728750,<<91,123,114,101,99,111,114,100,95,112,108,97,121,101,114,44,49,48,48,48,48,44,91,50,51,53,54,55,44,50,49,52,57,54,44,50,54,52,50,54,44,53,51,44,53,54,44,53,51,44,53,48,44,53,52,44,53,51,93,44,48,125,93>>,<<91,93>>}]
error[2017/8/26 19:29:38][db_mysql:411]DB MYSQL ERROR:insert into `fangjian_huifang_log` set `id` = 1,`room_id` = 253333,`time` = 1503671886,`player_list` = "[{record_player,10000,[23567,21496,26426,53,56,53,50,54,53],0}]",`round_record_list` = "[]" <<"#23000Duplicate entry '1' for key 'PRIMARY'">>
error[2017/8/26 19:29:38][do_data_of_mysql:235]备份 插入房间记录数据 ,_Err--------------:error
error[2017/8/26 19:29:38][db_mysql:411]DB MYSQL ERROR:insert into `fangjian_huifang_log` set `id` = 2,`room_id` = 343722,`time` = 1503728750,`player_list` = "[{record_player,10000,[23567,21496,26426,53,56,53,50,54,53],0}]",`round_record_list` = "[]" <<"#23000Duplicate entry '2' for key 'PRIMARY'">>
error[2017/8/26 19:29:38][do_data_of_mysql:235]备份 插入房间记录数据 ,_Err--------------:error
error[2017/8/26 19:29:38][do_data_of_mnesia:167]此次同步结束， :[{101,2,343722,1503728750,<<91,123,114,101,99,111,114,100,95,112,108,97,121,101,114,44,49,48,48,48,48,44,91,50,51,53,54,55,44,50,49,52,57,54,44,50,54,52,50,54,44,53,51,44,53,54,44,53,51,44,53,48,44,53,52,44,53,51,93,44,48,125,93>>,<<91,93>>},{101,1,253333,1503671886,<<91,123,114,101,99,111,114,100,95,112,108,97,121,101,114,44,49,48,48,48,48,44,91,50,51,53,54,55,44,50,49,52,57,54,44,50,54,52,50,54,44,53,51,44,53,54,44,53,51,44,53,48,44,53,52,44,53,51,93,44,48,125,93>>,<<91,93>>}]
error[2017/8/26 19:34:38][db_mysql:411]DB MYSQL ERROR:insert into `fangjian_huifang_log` set `id` = 2,`room_id` = 343722,`time` = 1503728750,`player_list` = "[{record_player,10000,[23567,21496,26426,53,56,53,50,54,53],0}]",`round_record_list` = "[]" <<"#23000Duplicate entry '2' for key 'PRIMARY'">>
error[2017/8/26 19:34:38][do_data_of_mysql:235]备份 插入房间记录数据 ,_Err--------------:error
error[2017/8/26 19:34:38][db_mysql:411]DB MYSQL ERROR:insert into `fangjian_huifang_log` set `id` = 1,`room_id` = 253333,`time` = 1503671886,`player_list` = "[{record_player,10000,[23567,21496,26426,53,56,53,50,54,53],0}]",`round_record_list` = "[]" <<"#23000Duplicate entry '1' for key 'PRIMARY'">>
error[2017/8/26 19:34:38][do_data_of_mysql:235]备份 插入房间记录数据 ,_Err--------------:error
error[2017/8/26 19:34:38][do_data_of_mnesia:167]此次同步结束， :[{101,1,253333,1503671886,<<91,123,114,101,99,111,114,100,95,112,108,97,121,101,114,44,49,48,48,48,48,44,91,50,51,53,54,55,44,50,49,52,57,54,44,50,54,52,50,54,44,53,51,44,53,54,44,53,51,44,53,48,44,53,52,44,53,51,93,44,48,125,93>>,<<91,93>>},{101,2,343722,1503728750,<<91,123,114,101,99,111,114,100,95,112,108,97,121,101,114,44,49,48,48,48,48,44,91,50,51,53,54,55,44,50,49,52,57,54,44,50,54,52,50,54,44,53,51,44,53,54,44,53,51,44,53,48,44,53,52,44,53,51,93,44,48,125,93>>,<<91,93>>}]
error[2017/8/26 19:39:38][db_mysql:411]DB MYSQL ERROR:insert into `fangjian_huifang_log` set `id` = 1,`room_id` = 253333,`time` = 1503671886,`player_list` = "[{record_player,10000,[23567,21496,26426,53,56,53,50,54,53],0}]",`round_record_list` = "[]" <<"#23000Duplicate entry '1' for key 'PRIMARY'">>
error[2017/8/26 19:39:38][do_data_of_mysql:235]备份 插入房间记录数据 ,_Err--------------:error
error[2017/8/26 19:39:38][db_mysql:411]DB MYSQL ERROR:insert into `fangjian_huifang_log` set `id` = 2,`room_id` = 343722,`time` = 1503728750,`player_list` = "[{record_player,10000,[23567,21496,26426,53,56,53,50,54,53],0}]",`round_record_list` = "[]" <<"#23000Duplicate entry '2' for key 'PRIMARY'">>
error[2017/8/26 19:39:38][do_data_of_mysql:235]备份 插入房间记录数据 ,_Err--------------:error
error[2017/8/26 19:39:38][do_data_of_mnesia:167]此次同步结束， :[{101,2,343722,1503728750,<<91,123,114,101,99,111,114,100,95,112,108,97,121,101,114,44,49,48,48,48,48,44,91,50,51,53,54,55,44,50,49,52,57,54,44,50,54,52,50,54,44,53,51,44,53,54,44,53,51,44,53,48,44,53,52,44,53,51,93,44,48,125,93>>,<<91,93>>},{101,1,253333,1503671886,<<91,123,114,101,99,111,114,100,95,112,108,97,121,101,114,44,49,48,48,48,48,44,91,50,51,53,54,55,44,50,49,52,57,54,44,50,54,52,50,54,44,53,51,44,53,54,44,53,51,44,53,48,44,53,52,44,53,51,93,44,48,125,93>>,<<91,93>>}]
error[2017/8/26 19:44:38][db_mysql:411]DB MYSQL ERROR:insert into `fangjian_huifang_log` set `id` = 2,`room_id` = 343722,`time` = 1503728750,`player_list` = "[{record_player,10000,[23567,21496,26426,53,56,53,50,54,53],0}]",`round_record_list` = "[]" <<"#23000Duplicate entry '2' for key 'PRIMARY'">>
error[2017/8/26 19:44:38][do_data_of_mysql:235]备份 插入房间记录数据 ,_Err--------------:error
error[2017/8/26 19:44:38][db_mysql:411]DB MYSQL ERROR:insert into `fangjian_huifang_log` set `id` = 1,`room_id` = 253333,`time` = 1503671886,`player_list` = "[{record_player,10000,[23567,21496,26426,53,56,53,50,54,53],0}]",`round_record_list` = "[]" <<"#23000Duplicate entry '1' for key 'PRIMARY'">>
error[2017/8/26 19:44:38][do_data_of_mysql:235]备份 插入房间记录数据 ,_Err--------------:error
error[2017/8/26 19:44:38][do_data_of_mnesia:167]此次同步结束， :[{101,1,253333,1503671886,<<91,123,114,101,99,111,114,100,95,112,108,97,121,101,114,44,49,48,48,48,48,44,91,50,51,53,54,55,44,50,49,52,57,54,44,50,54,52,50,54,44,53,51,44,53,54,44,53,51,44,53,48,44,53,52,44,53,51,93,44,48,125,93>>,<<91,93>>},{101,2,343722,1503728750,<<91,123,114,101,99,111,114,100,95,112,108,97,121,101,114,44,49,48,48,48,48,44,91,50,51,53,54,55,44,50,49,52,57,54,44,50,54,52,50,54,44,53,51,44,53,54,44,53,51,44,53,48,44,53,52,44,53,51,93,44,48,125,93>>,<<91,93>>}]
error[2017/8/26 19:49:38][db_mysql:411]DB MYSQL ERROR:insert into `fangjian_huifang_log` set `id` = 1,`room_id` = 253333,`time` = 1503671886,`player_list` = "[{record_player,10000,[23567,21496,26426,53,56,53,50,54,53],0}]",`round_record_list` = "[]" <<"#23000Duplicate entry '1' for key 'PRIMARY'">>
error[2017/8/26 19:49:38][do_data_of_mysql:235]备份 插入房间记录数据 ,_Err--------------:error
error[2017/8/26 19:49:38][db_mysql:411]DB MYSQL ERROR:insert into `fangjian_huifang_log` set `id` = 2,`room_id` = 343722,`time` = 1503728750,`player_list` = "[{record_player,10000,[23567,21496,26426,53,56,53,50,54,53],0}]",`round_record_list` = "[]" <<"#23000Duplicate entry '2' for key 'PRIMARY'">>
error[2017/8/26 19:49:38][do_data_of_mysql:235]备份 插入房间记录数据 ,_Err--------------:error
error[2017/8/26 19:49:38][do_data_of_mnesia:167]此次同步结束， :[{101,2,343722,1503728750,<<91,123,114,101,99,111,114,100,95,112,108,97,121,101,114,44,49,48,48,48,48,44,91,50,51,53,54,55,44,50,49,52,57,54,44,50,54,52,50,54,44,53,51,44,53,54,44,53,51,44,53,48,44,53,52,44,53,51,93,44,48,125,93>>,<<91,93>>},{101,1,253333,1503671886,<<91,123,114,101,99,111,114,100,95,112,108,97,121,101,114,44,49,48,48,48,48,44,91,50,51,53,54,55,44,50,49,52,57,54,44,50,54,52,50,54,44,53,51,44,53,54,44,53,51,44,53,48,44,53,52,44,53,51,93,44,48,125,93>>,<<91,93>>}]
error[2017/8/26 19:54:39][db_mysql:411]DB MYSQL ERROR:insert into `fangjian_huifang_log` set `id` = 2,`room_id` = 343722,`time` = 1503728750,`player_list` = "[{record_player,10000,[23567,21496,26426,53,56,53,50,54,53],0}]",`round_record_list` = "[]" <<"#23000Duplicate entry '2' for key 'PRIMARY'">>
error[2017/8/26 19:54:39][do_data_of_mysql:235]备份 插入房间记录数据 ,_Err--------------:error
error[2017/8/26 19:54:39][db_mysql:411]DB MYSQL ERROR:insert into `fangjian_huifang_log` set `id` = 1,`room_id` = 253333,`time` = 1503671886,`player_list` = "[{record_player,10000,[23567,21496,26426,53,56,53,50,54,53],0}]",`round_record_list` = "[]" <<"#23000Duplicate entry '1' for key 'PRIMARY'">>
error[2017/8/26 19:54:39][do_data_of_mysql:235]备份 插入房间记录数据 ,_Err--------------:error
error[2017/8/26 19:54:39][do_data_of_mnesia:167]此次同步结束， :[{101,1,253333,1503671886,<<91,123,114,101,99,111,114,100,95,112,108,97,121,101,114,44,49,48,48,48,48,44,91,50,51,53,54,55,44,50,49,52,57,54,44,50,54,52,50,54,44,53,51,44,53,54,44,53,51,44,53,48,44,53,52,44,53,51,93,44,48,125,93>>,<<91,93>>},{101,2,343722,1503728750,<<91,123,114,101,99,111,114,100,95,112,108,97,121,101,114,44,49,48,48,48,48,44,91,50,51,53,54,55,44,50,49,52,57,54,44,50,54,52,50,54,44,53,51,44,53,54,44,53,51,44,53,48,44,53,52,44,53,51,93,44,48,125,93>>,<<91,93>>}]
error[2017/8/26 19:59:39][db_mysql:411]DB MYSQL ERROR:insert into `fangjian_huifang_log` set `id` = 1,`room_id` = 253333,`time` = 1503671886,`player_list` = "[{record_player,10000,[23567,21496,26426,53,56,53,50,54,53],0}]",`round_record_list` = "[]" <<"#23000Duplicate entry '1' for key 'PRIMARY'">>
error[2017/8/26 19:59:39][do_data_of_mysql:235]备份 插入房间记录数据 ,_Err--------------:error
error[2017/8/26 19:59:39][db_mysql:411]DB MYSQL ERROR:insert into `fangjian_huifang_log` set `id` = 2,`room_id` = 343722,`time` = 1503728750,`player_list` = "[{record_player,10000,[23567,21496,26426,53,56,53,50,54,53],0}]",`round_record_list` = "[]" <<"#23000Duplicate entry '2' for key 'PRIMARY'">>
error[2017/8/26 19:59:39][do_data_of_mysql:235]备份 插入房间记录数据 ,_Err--------------:error
error[2017/8/26 19:59:39][do_data_of_mnesia:167]此次同步结束， :[{101,2,343722,1503728750,<<91,123,114,101,99,111,114,100,95,112,108,97,121,101,114,44,49,48,48,48,48,44,91,50,51,53,54,55,44,50,49,52,57,54,44,50,54,52,50,54,44,53,51,44,53,54,44,53,51,44,53,48,44,53,52,44,53,51,93,44,48,125,93>>,<<91,93>>},{101,1,253333,1503671886,<<91,123,114,101,99,111,114,100,95,112,108,97,121,101,114,44,49,48,48,48,48,44,91,50,51,53,54,55,44,50,49,52,57,54,44,50,54,52,50,54,44,53,51,44,53,54,44,53,51,44,53,48,44,53,52,44,53,51,93,44,48,125,93>>,<<91,93>>}]
error[2017/8/26 20:4:39][db_mysql:411]DB MYSQL ERROR:insert into `fangjian_huifang_log` set `id` = 2,`room_id` = 343722,`time` = 1503728750,`player_list` = "[{record_player,10000,[23567,21496,26426,53,56,53,50,54,53],0}]",`round_record_list` = "[]" <<"#23000Duplicate entry '2' for key 'PRIMARY'">>
error[2017/8/26 20:4:39][do_data_of_mysql:235]备份 插入房间记录数据 ,_Err--------------:error
error[2017/8/26 20:4:39][db_mysql:411]DB MYSQL ERROR:insert into `fangjian_huifang_log` set `id` = 1,`room_id` = 253333,`time` = 1503671886,`player_list` = "[{record_player,10000,[23567,21496,26426,53,56,53,50,54,53],0}]",`round_record_list` = "[]" <<"#23000Duplicate entry '1' for key 'PRIMARY'">>
error[2017/8/26 20:4:39][do_data_of_mysql:235]备份 插入房间记录数据 ,_Err--------------:error
error[2017/8/26 20:4:39][do_data_of_mnesia:167]此次同步结束， :[{101,1,253333,1503671886,<<91,123,114,101,99,111,114,100,95,112,108,97,121,101,114,44,49,48,48,48,48,44,91,50,51,53,54,55,44,50,49,52,57,54,44,50,54,52,50,54,44,53,51,44,53,54,44,53,51,44,53,48,44,53,52,44,53,51,93,44,48,125,93>>,<<91,93>>},{101,2,343722,1503728750,<<91,123,114,101,99,111,114,100,95,112,108,97,121,101,114,44,49,48,48,48,48,44,91,50,51,53,54,55,44,50,49,52,57,54,44,50,54,52,50,54,44,53,51,44,53,54,44,53,51,44,53,48,44,53,52,44,53,51,93,44,48,125,93>>,<<91,93>>}]
error[2017/8/26 20:9:39][db_mysql:411]DB MYSQL ERROR:insert into `fangjian_huifang_log` set `id` = 1,`room_id` = 253333,`time` = 1503671886,`player_list` = "[{record_player,10000,[23567,21496,26426,53,56,53,50,54,53],0}]",`round_record_list` = "[]" <<"#23000Duplicate entry '1' for key 'PRIMARY'">>
error[2017/8/26 20:9:39][do_data_of_mysql:235]备份 插入房间记录数据 ,_Err--------------:error
error[2017/8/26 20:9:39][db_mysql:411]DB MYSQL ERROR:insert into `fangjian_huifang_log` set `id` = 2,`room_id` = 343722,`time` = 1503728750,`player_list` = "[{record_player,10000,[23567,21496,26426,53,56,53,50,54,53],0}]",`round_record_list` = "[]" <<"#23000Duplicate entry '2' for key 'PRIMARY'">>
error[2017/8/26 20:9:39][do_data_of_mysql:235]备份 插入房间记录数据 ,_Err--------------:error
error[2017/8/26 20:9:39][do_data_of_mnesia:167]此次同步结束， :[{101,2,343722,1503728750,<<91,123,114,101,99,111,114,100,95,112,108,97,121,101,114,44,49,48,48,48,48,44,91,50,51,53,54,55,44,50,49,52,57,54,44,50,54,52,50,54,44,53,51,44,53,54,44,53,51,44,53,48,44,53,52,44,53,51,93,44,48,125,93>>,<<91,93>>},{101,1,253333,1503671886,<<91,123,114,101,99,111,114,100,95,112,108,97,121,101,114,44,49,48,48,48,48,44,91,50,51,53,54,55,44,50,49,52,57,54,44,50,54,52,50,54,44,53,51,44,53,54,44,53,51,44,53,48,44,53,52,44,53,51,93,44,48,125,93>>,<<91,93>>}]
error[2017/8/26 20:14:39][db_mysql:411]DB MYSQL ERROR:insert into `fangjian_huifang_log` set `id` = 2,`room_id` = 343722,`time` = 1503728750,`player_list` = "[{record_player,10000,[23567,21496,26426,53,56,53,50,54,53],0}]",`round_record_list` = "[]" <<"#23000Duplicate entry '2' for key 'PRIMARY'">>
error[2017/8/26 20:14:39][do_data_of_mysql:235]备份 插入房间记录数据 ,_Err--------------:error
error[2017/8/26 20:14:39][db_mysql:411]DB MYSQL ERROR:insert into `fangjian_huifang_log` set `id` = 1,`room_id` = 253333,`time` = 1503671886,`player_list` = "[{record_player,10000,[23567,21496,26426,53,56,53,50,54,53],0}]",`round_record_list` = "[]" <<"#23000Duplicate entry '1' for key 'PRIMARY'">>
error[2017/8/26 20:14:39][do_data_of_mysql:235]备份 插入房间记录数据 ,_Err--------------:error
error[2017/8/26 20:14:39][do_data_of_mnesia:167]此次同步结束， :[{101,1,253333,1503671886,<<91,123,114,101,99,111,114,100,95,112,108,97,121,101,114,44,49,48,48,48,48,44,91,50,51,53,54,55,44,50,49,52,57,54,44,50,54,52,50,54,44,53,51,44,53,54,44,53,51,44,53,48,44,53,52,44,53,51,93,44,48,125,93>>,<<91,93>>},{101,2,343722,1503728750,<<91,123,114,101,99,111,114,100,95,112,108,97,121,101,114,44,49,48,48,48,48,44,91,50,51,53,54,55,44,50,49,52,57,54,44,50,54,52,50,54,44,53,51,44,53,54,44,53,51,44,53,48,44,53,52,44,53,51,93,44,48,125,93>>,<<91,93>>}]
error[2017/8/26 20:19:40][db_mysql:411]DB MYSQL ERROR:insert into `fangjian_huifang_log` set `id` = 1,`room_id` = 253333,`time` = 1503671886,`player_list` = "[{record_player,10000,[23567,21496,26426,53,56,53,50,54,53],0}]",`round_record_list` = "[]" <<"#23000Duplicate entry '1' for key 'PRIMARY'">>
error[2017/8/26 20:19:40][do_data_of_mysql:235]备份 插入房间记录数据 ,_Err--------------:error
error[2017/8/26 20:19:40][db_mysql:411]DB MYSQL ERROR:insert into `fangjian_huifang_log` set `id` = 2,`room_id` = 343722,`time` = 1503728750,`player_list` = "[{record_player,10000,[23567,21496,26426,53,56,53,50,54,53],0}]",`round_record_list` = "[]" <<"#23000Duplicate entry '2' for key 'PRIMARY'">>
error[2017/8/26 20:19:40][do_data_of_mysql:235]备份 插入房间记录数据 ,_Err--------------:error
error[2017/8/26 20:19:40][do_data_of_mnesia:167]此次同步结束， :[{101,2,343722,1503728750,<<91,123,114,101,99,111,114,100,95,112,108,97,121,101,114,44,49,48,48,48,48,44,91,50,51,53,54,55,44,50,49,52,57,54,44,50,54,52,50,54,44,53,51,44,53,54,44,53,51,44,53,48,44,53,52,44,53,51,93,44,48,125,93>>,<<91,93>>},{101,1,253333,1503671886,<<91,123,114,101,99,111,114,100,95,112,108,97,121,101,114,44,49,48,48,48,48,44,91,50,51,53,54,55,44,50,49,52,57,54,44,50,54,52,50,54,44,53,51,44,53,54,44,53,51,44,53,48,44,53,52,44,53,51,93,44,48,125,93>>,<<91,93>>}]
error[2017/8/26 20:24:40][db_mysql:411]DB MYSQL ERROR:insert into `fangjian_huifang_log` set `id` = 2,`room_id` = 343722,`time` = 1503728750,`player_list` = "[{record_player,10000,[23567,21496,26426,53,56,53,50,54,53],0}]",`round_record_list` = "[]" <<"#23000Duplicate entry '2' for key 'PRIMARY'">>
error[2017/8/26 20:24:40][do_data_of_mysql:235]备份 插入房间记录数据 ,_Err--------------:error
error[2017/8/26 20:24:40][db_mysql:411]DB MYSQL ERROR:insert into `fangjian_huifang_log` set `id` = 1,`room_id` = 253333,`time` = 1503671886,`player_list` = "[{record_player,10000,[23567,21496,26426,53,56,53,50,54,53],0}]",`round_record_list` = "[]" <<"#23000Duplicate entry '1' for key 'PRIMARY'">>
error[2017/8/26 20:24:40][do_data_of_mysql:235]备份 插入房间记录数据 ,_Err--------------:error
error[2017/8/26 20:24:40][do_data_of_mnesia:167]此次同步结束， :[{101,1,253333,1503671886,<<91,123,114,101,99,111,114,100,95,112,108,97,121,101,114,44,49,48,48,48,48,44,91,50,51,53,54,55,44,50,49,52,57,54,44,50,54,52,50,54,44,53,51,44,53,54,44,53,51,44,53,48,44,53,52,44,53,51,93,44,48,125,93>>,<<91,93>>},{101,2,343722,1503728750,<<91,123,114,101,99,111,114,100,95,112,108,97,121,101,114,44,49,48,48,48,48,44,91,50,51,53,54,55,44,50,49,52,57,54,44,50,54,52,50,54,44,53,51,44,53,54,44,53,51,44,53,48,44,53,52,44,53,51,93,44,48,125,93>>,<<91,93>>}]
error[2017/8/26 20:29:40][db_mysql:411]DB MYSQL ERROR:insert into `fangjian_huifang_log` set `id` = 1,`room_id` = 253333,`time` = 1503671886,`player_list` = "[{record_player,10000,[23567,21496,26426,53,56,53,50,54,53],0}]",`round_record_list` = "[]" <<"#23000Duplicate entry '1' for key 'PRIMARY'">>
error[2017/8/26 20:29:40][do_data_of_mysql:235]备份 插入房间记录数据 ,_Err--------------:error
error[2017/8/26 20:29:40][db_mysql:411]DB MYSQL ERROR:insert into `fangjian_huifang_log` set `id` = 2,`room_id` = 343722,`time` = 1503728750,`player_list` = "[{record_player,10000,[23567,21496,26426,53,56,53,50,54,53],0}]",`round_record_list` = "[]" <<"#23000Duplicate entry '2' for key 'PRIMARY'">>
error[2017/8/26 20:29:40][do_data_of_mysql:235]备份 插入房间记录数据 ,_Err--------------:error
error[2017/8/26 20:29:40][do_data_of_mnesia:167]此次同步结束， :[{101,2,343722,1503728750,<<91,123,114,101,99,111,114,100,95,112,108,97,121,101,114,44,49,48,48,48,48,44,91,50,51,53,54,55,44,50,49,52,57,54,44,50,54,52,50,54,44,53,51,44,53,54,44,53,51,44,53,48,44,53,52,44,53,51,93,44,48,125,93>>,<<91,93>>},{101,1,253333,1503671886,<<91,123,114,101,99,111,114,100,95,112,108,97,121,101,114,44,49,48,48,48,48,44,91,50,51,53,54,55,44,50,49,52,57,54,44,50,54,52,50,54,44,53,51,44,53,54,44,53,51,44,53,48,44,53,52,44,53,51,93,44,48,125,93>>,<<91,93>>}]
error[2017/8/26 20:34:40][db_mysql:411]DB MYSQL ERROR:insert into `fangjian_huifang_log` set `id` = 2,`room_id` = 343722,`time` = 1503728750,`player_list` = "[{record_player,10000,[23567,21496,26426,53,56,53,50,54,53],0}]",`round_record_list` = "[]" <<"#23000Duplicate entry '2' for key 'PRIMARY'">>
error[2017/8/26 20:34:40][do_data_of_mysql:235]备份 插入房间记录数据 ,_Err--------------:error
error[2017/8/26 20:34:40][db_mysql:411]DB MYSQL ERROR:insert into `fangjian_huifang_log` set `id` = 1,`room_id` = 253333,`time` = 1503671886,`player_list` = "[{record_player,10000,[23567,21496,26426,53,56,53,50,54,53],0}]",`round_record_list` = "[]" <<"#23000Duplicate entry '1' for key 'PRIMARY'">>
error[2017/8/26 20:34:40][do_data_of_mysql:235]备份 插入房间记录数据 ,_Err--------------:error
error[2017/8/26 20:34:40][do_data_of_mnesia:167]此次同步结束， :[{101,1,253333,1503671886,<<91,123,114,101,99,111,114,100,95,112,108,97,121,101,114,44,49,48,48,48,48,44,91,50,51,53,54,55,44,50,49,52,57,54,44,50,54,52,50,54,44,53,51,44,53,54,44,53,51,44,53,48,44,53,52,44,53,51,93,44,48,125,93>>,<<91,93>>},{101,2,343722,1503728750,<<91,123,114,101,99,111,114,100,95,112,108,97,121,101,114,44,49,48,48,48,48,44,91,50,51,53,54,55,44,50,49,52,57,54,44,50,54,52,50,54,44,53,51,44,53,54,44,53,51,44,53,48,44,53,52,44,53,51,93,44,48,125,93>>,<<91,93>>}]
error[2017/8/26 20:39:40][db_mysql:411]DB MYSQL ERROR:insert into `fangjian_huifang_log` set `id` = 1,`room_id` = 253333,`time` = 1503671886,`player_list` = "[{record_player,10000,[23567,21496,26426,53,56,53,50,54,53],0}]",`round_record_list` = "[]" <<"#23000Duplicate entry '1' for key 'PRIMARY'">>
error[2017/8/26 20:39:40][do_data_of_mysql:235]备份 插入房间记录数据 ,_Err--------------:error
error[2017/8/26 20:39:40][db_mysql:411]DB MYSQL ERROR:insert into `fangjian_huifang_log` set `id` = 2,`room_id` = 343722,`time` = 1503728750,`player_list` = "[{record_player,10000,[23567,21496,26426,53,56,53,50,54,53],0}]",`round_record_list` = "[]" <<"#23000Duplicate entry '2' for key 'PRIMARY'">>
error[2017/8/26 20:39:40][do_data_of_mysql:235]备份 插入房间记录数据 ,_Err--------------:error
error[2017/8/26 20:39:40][do_data_of_mnesia:167]此次同步结束， :[{101,2,343722,1503728750,<<91,123,114,101,99,111,114,100,95,112,108,97,121,101,114,44,49,48,48,48,48,44,91,50,51,53,54,55,44,50,49,52,57,54,44,50,54,52,50,54,44,53,51,44,53,54,44,53,51,44,53,48,44,53,52,44,53,51,93,44,48,125,93>>,<<91,93>>},{101,1,253333,1503671886,<<91,123,114,101,99,111,114,100,95,112,108,97,121,101,114,44,49,48,48,48,48,44,91,50,51,53,54,55,44,50,49,52,57,54,44,50,54,52,50,54,44,53,51,44,53,54,44,53,51,44,53,48,44,53,52,44,53,51,93,44,48,125,93>>,<<91,93>>}]
error[2017/8/26 20:44:41][db_mysql:411]DB MYSQL ERROR:insert into `fangjian_huifang_log` set `id` = 2,`room_id` = 343722,`time` = 1503728750,`player_list` = "[{record_player,10000,[23567,21496,26426,53,56,53,50,54,53],0}]",`round_record_list` = "[]" <<"#23000Duplicate entry '2' for key 'PRIMARY'">>
error[2017/8/26 20:44:41][do_data_of_mysql:235]备份 插入房间记录数据 ,_Err--------------:error
error[2017/8/26 20:44:41][db_mysql:411]DB MYSQL ERROR:insert into `fangjian_huifang_log` set `id` = 1,`room_id` = 253333,`time` = 1503671886,`player_list` = "[{record_player,10000,[23567,21496,26426,53,56,53,50,54,53],0}]",`round_record_list` = "[]" <<"#23000Duplicate entry '1' for key 'PRIMARY'">>
error[2017/8/26 20:44:41][do_data_of_mysql:235]备份 插入房间记录数据 ,_Err--------------:error
error[2017/8/26 20:44:41][do_data_of_mnesia:167]此次同步结束， :[{101,1,253333,1503671886,<<91,123,114,101,99,111,114,100,95,112,108,97,121,101,114,44,49,48,48,48,48,44,91,50,51,53,54,55,44,50,49,52,57,54,44,50,54,52,50,54,44,53,51,44,53,54,44,53,51,44,53,48,44,53,52,44,53,51,93,44,48,125,93>>,<<91,93>>},{101,2,343722,1503728750,<<91,123,114,101,99,111,114,100,95,112,108,97,121,101,114,44,49,48,48,48,48,44,91,50,51,53,54,55,44,50,49,52,57,54,44,50,54,52,50,54,44,53,51,44,53,54,44,53,51,44,53,48,44,53,52,44,53,51,93,44,48,125,93>>,<<91,93>>}]
error[2017/8/26 20:49:41][db_mysql:411]DB MYSQL ERROR:insert into `fangjian_huifang_log` set `id` = 1,`room_id` = 253333,`time` = 1503671886,`player_list` = "[{record_player,10000,[23567,21496,26426,53,56,53,50,54,53],0}]",`round_record_list` = "[]" <<"#23000Duplicate entry '1' for key 'PRIMARY'">>
error[2017/8/26 20:49:41][do_data_of_mysql:235]备份 插入房间记录数据 ,_Err--------------:error
error[2017/8/26 20:49:41][db_mysql:411]DB MYSQL ERROR:insert into `fangjian_huifang_log` set `id` = 2,`room_id` = 343722,`time` = 1503728750,`player_list` = "[{record_player,10000,[23567,21496,26426,53,56,53,50,54,53],0}]",`round_record_list` = "[]" <<"#23000Duplicate entry '2' for key 'PRIMARY'">>
error[2017/8/26 20:49:41][do_data_of_mysql:235]备份 插入房间记录数据 ,_Err--------------:error
error[2017/8/26 20:49:41][do_data_of_mnesia:167]此次同步结束， :[{101,2,343722,1503728750,<<91,123,114,101,99,111,114,100,95,112,108,97,121,101,114,44,49,48,48,48,48,44,91,50,51,53,54,55,44,50,49,52,57,54,44,50,54,52,50,54,44,53,51,44,53,54,44,53,51,44,53,48,44,53,52,44,53,51,93,44,48,125,93>>,<<91,93>>},{101,1,253333,1503671886,<<91,123,114,101,99,111,114,100,95,112,108,97,121,101,114,44,49,48,48,48,48,44,91,50,51,53,54,55,44,50,49,52,57,54,44,50,54,52,50,54,44,53,51,44,53,54,44,53,51,44,53,48,44,53,52,44,53,51,93,44,48,125,93>>,<<91,93>>}]
error[2017/8/26 20:54:41][db_mysql:411]DB MYSQL ERROR:insert into `fangjian_huifang_log` set `id` = 2,`room_id` = 343722,`time` = 1503728750,`player_list` = "[{record_player,10000,[23567,21496,26426,53,56,53,50,54,53],0}]",`round_record_list` = "[]" <<"#23000Duplicate entry '2' for key 'PRIMARY'">>
error[2017/8/26 20:54:41][do_data_of_mysql:235]备份 插入房间记录数据 ,_Err--------------:error
error[2017/8/26 20:54:41][db_mysql:411]DB MYSQL ERROR:insert into `fangjian_huifang_log` set `id` = 1,`room_id` = 253333,`time` = 1503671886,`player_list` = "[{record_player,10000,[23567,21496,26426,53,56,53,50,54,53],0}]",`round_record_list` = "[]" <<"#23000Duplicate entry '1' for key 'PRIMARY'">>
error[2017/8/26 20:54:41][do_data_of_mysql:235]备份 插入房间记录数据 ,_Err--------------:error
error[2017/8/26 20:54:41][do_data_of_mnesia:167]此次同步结束， :[{101,1,253333,1503671886,<<91,123,114,101,99,111,114,100,95,112,108,97,121,101,114,44,49,48,48,48,48,44,91,50,51,53,54,55,44,50,49,52,57,54,44,50,54,52,50,54,44,53,51,44,53,54,44,53,51,44,53,48,44,53,52,44,53,51,93,44,48,125,93>>,<<91,93>>},{101,2,343722,1503728750,<<91,123,114,101,99,111,114,100,95,112,108,97,121,101,114,44,49,48,48,48,48,44,91,50,51,53,54,55,44,50,49,52,57,54,44,50,54,52,50,54,44,53,51,44,53,54,44,53,51,44,53,48,44,53,52,44,53,51,93,44,48,125,93>>,<<91,93>>}]
error[2017/8/26 20:59:41][db_mysql:411]DB MYSQL ERROR:insert into `fangjian_huifang_log` set `id` = 1,`room_id` = 253333,`time` = 1503671886,`player_list` = "[{record_player,10000,[23567,21496,26426,53,56,53,50,54,53],0}]",`round_record_list` = "[]" <<"#23000Duplicate entry '1' for key 'PRIMARY'">>
error[2017/8/26 20:59:41][do_data_of_mysql:235]备份 插入房间记录数据 ,_Err--------------:error
error[2017/8/26 20:59:41][db_mysql:411]DB MYSQL ERROR:insert into `fangjian_huifang_log` set `id` = 2,`room_id` = 343722,`time` = 1503728750,`player_list` = "[{record_player,10000,[23567,21496,26426,53,56,53,50,54,53],0}]",`round_record_list` = "[]" <<"#23000Duplicate entry '2' for key 'PRIMARY'">>
error[2017/8/26 20:59:41][do_data_of_mysql:235]备份 插入房间记录数据 ,_Err--------------:error
error[2017/8/26 20:59:41][do_data_of_mnesia:167]此次同步结束， :[{101,2,343722,1503728750,<<91,123,114,101,99,111,114,100,95,112,108,97,121,101,114,44,49,48,48,48,48,44,91,50,51,53,54,55,44,50,49,52,57,54,44,50,54,52,50,54,44,53,51,44,53,54,44,53,51,44,53,48,44,53,52,44,53,51,93,44,48,125,93>>,<<91,93>>},{101,1,253333,1503671886,<<91,123,114,101,99,111,114,100,95,112,108,97,121,101,114,44,49,48,48,48,48,44,91,50,51,53,54,55,44,50,49,52,57,54,44,50,54,52,50,54,44,53,51,44,53,54,44,53,51,44,53,48,44,53,52,44,53,51,93,44,48,125,93>>,<<91,93>>}]
error[2017/8/26 21:4:41][db_mysql:411]DB MYSQL ERROR:insert into `fangjian_huifang_log` set `id` = 2,`room_id` = 343722,`time` = 1503728750,`player_list` = "[{record_player,10000,[23567,21496,26426,53,56,53,50,54,53],0}]",`round_record_list` = "[]" <<"#23000Duplicate entry '2' for key 'PRIMARY'">>
error[2017/8/26 21:4:41][do_data_of_mysql:235]备份 插入房间记录数据 ,_Err--------------:error
error[2017/8/26 21:4:41][db_mysql:411]DB MYSQL ERROR:insert into `fangjian_huifang_log` set `id` = 1,`room_id` = 253333,`time` = 1503671886,`player_list` = "[{record_player,10000,[23567,21496,26426,53,56,53,50,54,53],0}]",`round_record_list` = "[]" <<"#23000Duplicate entry '1' for key 'PRIMARY'">>
error[2017/8/26 21:4:41][do_data_of_mysql:235]备份 插入房间记录数据 ,_Err--------------:error
error[2017/8/26 21:4:41][do_data_of_mnesia:167]此次同步结束， :[{101,1,253333,1503671886,<<91,123,114,101,99,111,114,100,95,112,108,97,121,101,114,44,49,48,48,48,48,44,91,50,51,53,54,55,44,50,49,52,57,54,44,50,54,52,50,54,44,53,51,44,53,54,44,53,51,44,53,48,44,53,52,44,53,51,93,44,48,125,93>>,<<91,93>>},{101,2,343722,1503728750,<<91,123,114,101,99,111,114,100,95,112,108,97,121,101,114,44,49,48,48,48,48,44,91,50,51,53,54,55,44,50,49,52,57,54,44,50,54,52,50,54,44,53,51,44,53,54,44,53,51,44,53,48,44,53,52,44,53,51,93,44,48,125,93>>,<<91,93>>}]
error[2017/8/26 21:9:41][db_mysql:411]DB MYSQL ERROR:insert into `fangjian_huifang_log` set `id` = 1,`room_id` = 253333,`time` = 1503671886,`player_list` = "[{record_player,10000,[23567,21496,26426,53,56,53,50,54,53],0}]",`round_record_list` = "[]" <<"#23000Duplicate entry '1' for key 'PRIMARY'">>
error[2017/8/26 21:9:41][do_data_of_mysql:235]备份 插入房间记录数据 ,_Err--------------:error
error[2017/8/26 21:9:41][db_mysql:411]DB MYSQL ERROR:insert into `fangjian_huifang_log` set `id` = 2,`room_id` = 343722,`time` = 1503728750,`player_list` = "[{record_player,10000,[23567,21496,26426,53,56,53,50,54,53],0}]",`round_record_list` = "[]" <<"#23000Duplicate entry '2' for key 'PRIMARY'">>
error[2017/8/26 21:9:41][do_data_of_mysql:235]备份 插入房间记录数据 ,_Err--------------:error
error[2017/8/26 21:9:41][do_data_of_mnesia:167]此次同步结束， :[{101,2,343722,1503728750,<<91,123,114,101,99,111,114,100,95,112,108,97,121,101,114,44,49,48,48,48,48,44,91,50,51,53,54,55,44,50,49,52,57,54,44,50,54,52,50,54,44,53,51,44,53,54,44,53,51,44,53,48,44,53,52,44,53,51,93,44,48,125,93>>,<<91,93>>},{101,1,253333,1503671886,<<91,123,114,101,99,111,114,100,95,112,108,97,121,101,114,44,49,48,48,48,48,44,91,50,51,53,54,55,44,50,49,52,57,54,44,50,54,52,50,54,44,53,51,44,53,54,44,53,51,44,53,48,44,53,52,44,53,51,93,44,48,125,93>>,<<91,93>>}]
error[2017/8/26 21:14:42][db_mysql:411]DB MYSQL ERROR:insert into `fangjian_huifang_log` set `id` = 2,`room_id` = 343722,`time` = 1503728750,`player_list` = "[{record_player,10000,[23567,21496,26426,53,56,53,50,54,53],0}]",`round_record_list` = "[]" <<"#23000Duplicate entry '2' for key 'PRIMARY'">>
error[2017/8/26 21:14:42][do_data_of_mysql:235]备份 插入房间记录数据 ,_Err--------------:error
error[2017/8/26 21:14:42][db_mysql:411]DB MYSQL ERROR:insert into `fangjian_huifang_log` set `id` = 1,`room_id` = 253333,`time` = 1503671886,`player_list` = "[{record_player,10000,[23567,21496,26426,53,56,53,50,54,53],0}]",`round_record_list` = "[]" <<"#23000Duplicate entry '1' for key 'PRIMARY'">>
error[2017/8/26 21:14:42][do_data_of_mysql:235]备份 插入房间记录数据 ,_Err--------------:error
error[2017/8/26 21:14:42][do_data_of_mnesia:167]此次同步结束， :[{101,1,253333,1503671886,<<91,123,114,101,99,111,114,100,95,112,108,97,121,101,114,44,49,48,48,48,48,44,91,50,51,53,54,55,44,50,49,52,57,54,44,50,54,52,50,54,44,53,51,44,53,54,44,53,51,44,53,48,44,53,52,44,53,51,93,44,48,125,93>>,<<91,93>>},{101,2,343722,1503728750,<<91,123,114,101,99,111,114,100,95,112,108,97,121,101,114,44,49,48,48,48,48,44,91,50,51,53,54,55,44,50,49,52,57,54,44,50,54,52,50,54,44,53,51,44,53,54,44,53,51,44,53,48,44,53,52,44,53,51,93,44,48,125,93>>,<<91,93>>}]
error[2017/8/26 21:19:42][db_mysql:411]DB MYSQL ERROR:insert into `fangjian_huifang_log` set `id` = 1,`room_id` = 253333,`time` = 1503671886,`player_list` = "[{record_player,10000,[23567,21496,26426,53,56,53,50,54,53],0}]",`round_record_list` = "[]" <<"#23000Duplicate entry '1' for key 'PRIMARY'">>
error[2017/8/26 21:19:42][do_data_of_mysql:235]备份 插入房间记录数据 ,_Err--------------:error
error[2017/8/26 21:19:42][db_mysql:411]DB MYSQL ERROR:insert into `fangjian_huifang_log` set `id` = 2,`room_id` = 343722,`time` = 1503728750,`player_list` = "[{record_player,10000,[23567,21496,26426,53,56,53,50,54,53],0}]",`round_record_list` = "[]" <<"#23000Duplicate entry '2' for key 'PRIMARY'">>
error[2017/8/26 21:19:42][do_data_of_mysql:235]备份 插入房间记录数据 ,_Err--------------:error
error[2017/8/26 21:19:42][do_data_of_mnesia:167]此次同步结束， :[{101,2,343722,1503728750,<<91,123,114,101,99,111,114,100,95,112,108,97,121,101,114,44,49,48,48,48,48,44,91,50,51,53,54,55,44,50,49,52,57,54,44,50,54,52,50,54,44,53,51,44,53,54,44,53,51,44,53,48,44,53,52,44,53,51,93,44,48,125,93>>,<<91,93>>},{101,1,253333,1503671886,<<91,123,114,101,99,111,114,100,95,112,108,97,121,101,114,44,49,48,48,48,48,44,91,50,51,53,54,55,44,50,49,52,57,54,44,50,54,52,50,54,44,53,51,44,53,54,44,53,51,44,53,48,44,53,52,44,53,51,93,44,48,125,93>>,<<91,93>>}]
error[2017/8/26 21:24:42][db_mysql:411]DB MYSQL ERROR:insert into `fangjian_huifang_log` set `id` = 2,`room_id` = 343722,`time` = 1503728750,`player_list` = "[{record_player,10000,[23567,21496,26426,53,56,53,50,54,53],0}]",`round_record_list` = "[]" <<"#23000Duplicate entry '2' for key 'PRIMARY'">>
error[2017/8/26 21:24:42][do_data_of_mysql:235]备份 插入房间记录数据 ,_Err--------------:error
error[2017/8/26 21:24:42][db_mysql:411]DB MYSQL ERROR:insert into `fangjian_huifang_log` set `id` = 1,`room_id` = 253333,`time` = 1503671886,`player_list` = "[{record_player,10000,[23567,21496,26426,53,56,53,50,54,53],0}]",`round_record_list` = "[]" <<"#23000Duplicate entry '1' for key 'PRIMARY'">>
error[2017/8/26 21:24:42][do_data_of_mysql:235]备份 插入房间记录数据 ,_Err--------------:error
error[2017/8/26 21:24:42][do_data_of_mnesia:167]此次同步结束， :[{101,1,253333,1503671886,<<91,123,114,101,99,111,114,100,95,112,108,97,121,101,114,44,49,48,48,48,48,44,91,50,51,53,54,55,44,50,49,52,57,54,44,50,54,52,50,54,44,53,51,44,53,54,44,53,51,44,53,48,44,53,52,44,53,51,93,44,48,125,93>>,<<91,93>>},{101,2,343722,1503728750,<<91,123,114,101,99,111,114,100,95,112,108,97,121,101,114,44,49,48,48,48,48,44,91,50,51,53,54,55,44,50,49,52,57,54,44,50,54,52,50,54,44,53,51,44,53,54,44,53,51,44,53,48,44,53,52,44,53,51,93,44,48,125,93>>,<<91,93>>}]
error[2017/8/26 21:29:42][db_mysql:411]DB MYSQL ERROR:insert into `fangjian_huifang_log` set `id` = 1,`room_id` = 253333,`time` = 1503671886,`player_list` = "[{record_player,10000,[23567,21496,26426,53,56,53,50,54,53],0}]",`round_record_list` = "[]" <<"#23000Duplicate entry '1' for key 'PRIMARY'">>
error[2017/8/26 21:29:42][do_data_of_mysql:235]备份 插入房间记录数据 ,_Err--------------:error
error[2017/8/26 21:29:42][db_mysql:411]DB MYSQL ERROR:insert into `fangjian_huifang_log` set `id` = 2,`room_id` = 343722,`time` = 1503728750,`player_list` = "[{record_player,10000,[23567,21496,26426,53,56,53,50,54,53],0}]",`round_record_list` = "[]" <<"#23000Duplicate entry '2' for key 'PRIMARY'">>
error[2017/8/26 21:29:42][do_data_of_mysql:235]备份 插入房间记录数据 ,_Err--------------:error
error[2017/8/26 21:29:42][do_data_of_mnesia:167]此次同步结束， :[{101,2,343722,1503728750,<<91,123,114,101,99,111,114,100,95,112,108,97,121,101,114,44,49,48,48,48,48,44,91,50,51,53,54,55,44,50,49,52,57,54,44,50,54,52,50,54,44,53,51,44,53,54,44,53,51,44,53,48,44,53,52,44,53,51,93,44,48,125,93>>,<<91,93>>},{101,1,253333,1503671886,<<91,123,114,101,99,111,114,100,95,112,108,97,121,101,114,44,49,48,48,48,48,44,91,50,51,53,54,55,44,50,49,52,57,54,44,50,54,52,50,54,44,53,51,44,53,54,44,53,51,44,53,48,44,53,52,44,53,51,93,44,48,125,93>>,<<91,93>>}]
error[2017/8/26 21:34:42][db_mysql:411]DB MYSQL ERROR:insert into `fangjian_huifang_log` set `id` = 2,`room_id` = 343722,`time` = 1503728750,`player_list` = "[{record_player,10000,[23567,21496,26426,53,56,53,50,54,53],0}]",`round_record_list` = "[]" <<"#23000Duplicate entry '2' for key 'PRIMARY'">>
error[2017/8/26 21:34:42][do_data_of_mysql:235]备份 插入房间记录数据 ,_Err--------------:error
error[2017/8/26 21:34:42][db_mysql:411]DB MYSQL ERROR:insert into `fangjian_huifang_log` set `id` = 1,`room_id` = 253333,`time` = 1503671886,`player_list` = "[{record_player,10000,[23567,21496,26426,53,56,53,50,54,53],0}]",`round_record_list` = "[]" <<"#23000Duplicate entry '1' for key 'PRIMARY'">>
error[2017/8/26 21:34:42][do_data_of_mysql:235]备份 插入房间记录数据 ,_Err--------------:error
error[2017/8/26 21:34:42][do_data_of_mnesia:167]此次同步结束， :[{101,1,253333,1503671886,<<91,123,114,101,99,111,114,100,95,112,108,97,121,101,114,44,49,48,48,48,48,44,91,50,51,53,54,55,44,50,49,52,57,54,44,50,54,52,50,54,44,53,51,44,53,54,44,53,51,44,53,48,44,53,52,44,53,51,93,44,48,125,93>>,<<91,93>>},{101,2,343722,1503728750,<<91,123,114,101,99,111,114,100,95,112,108,97,121,101,114,44,49,48,48,48,48,44,91,50,51,53,54,55,44,50,49,52,57,54,44,50,54,52,50,54,44,53,51,44,53,54,44,53,51,44,53,48,44,53,52,44,53,51,93,44,48,125,93>>,<<91,93>>}]
error[2017/8/26 21:39:42][db_mysql:411]DB MYSQL ERROR:insert into `fangjian_huifang_log` set `id` = 1,`room_id` = 253333,`time` = 1503671886,`player_list` = "[{record_player,10000,[23567,21496,26426,53,56,53,50,54,53],0}]",`round_record_list` = "[]" <<"#23000Duplicate entry '1' for key 'PRIMARY'">>
error[2017/8/26 21:39:42][do_data_of_mysql:235]备份 插入房间记录数据 ,_Err--------------:error
error[2017/8/26 21:39:42][db_mysql:411]DB MYSQL ERROR:insert into `fangjian_huifang_log` set `id` = 2,`room_id` = 343722,`time` = 1503728750,`player_list` = "[{record_player,10000,[23567,21496,26426,53,56,53,50,54,53],0}]",`round_record_list` = "[]" <<"#23000Duplicate entry '2' for key 'PRIMARY'">>
error[2017/8/26 21:39:42][do_data_of_mysql:235]备份 插入房间记录数据 ,_Err--------------:error
error[2017/8/26 21:39:42][do_data_of_mnesia:167]此次同步结束， :[{101,2,343722,1503728750,<<91,123,114,101,99,111,114,100,95,112,108,97,121,101,114,44,49,48,48,48,48,44,91,50,51,53,54,55,44,50,49,52,57,54,44,50,54,52,50,54,44,53,51,44,53,54,44,53,51,44,53,48,44,53,52,44,53,51,93,44,48,125,93>>,<<91,93>>},{101,1,253333,1503671886,<<91,123,114,101,99,111,114,100,95,112,108,97,121,101,114,44,49,48,48,48,48,44,91,50,51,53,54,55,44,50,49,52,57,54,44,50,54,52,50,54,44,53,51,44,53,54,44,53,51,44,53,48,44,53,52,44,53,51,93,44,48,125,93>>,<<91,93>>}]
error[2017/8/26 21:44:43][db_mysql:411]DB MYSQL ERROR:insert into `fangjian_huifang_log` set `id` = 2,`room_id` = 343722,`time` = 1503728750,`player_list` = "[{record_player,10000,[23567,21496,26426,53,56,53,50,54,53],0}]",`round_record_list` = "[]" <<"#23000Duplicate entry '2' for key 'PRIMARY'">>
error[2017/8/26 21:44:43][do_data_of_mysql:235]备份 插入房间记录数据 ,_Err--------------:error
error[2017/8/26 21:44:43][db_mysql:411]DB MYSQL ERROR:insert into `fangjian_huifang_log` set `id` = 1,`room_id` = 253333,`time` = 1503671886,`player_list` = "[{record_player,10000,[23567,21496,26426,53,56,53,50,54,53],0}]",`round_record_list` = "[]" <<"#23000Duplicate entry '1' for key 'PRIMARY'">>
error[2017/8/26 21:44:43][do_data_of_mysql:235]备份 插入房间记录数据 ,_Err--------------:error
error[2017/8/26 21:44:43][do_data_of_mnesia:167]此次同步结束， :[{101,1,253333,1503671886,<<91,123,114,101,99,111,114,100,95,112,108,97,121,101,114,44,49,48,48,48,48,44,91,50,51,53,54,55,44,50,49,52,57,54,44,50,54,52,50,54,44,53,51,44,53,54,44,53,51,44,53,48,44,53,52,44,53,51,93,44,48,125,93>>,<<91,93>>},{101,2,343722,1503728750,<<91,123,114,101,99,111,114,100,95,112,108,97,121,101,114,44,49,48,48,48,48,44,91,50,51,53,54,55,44,50,49,52,57,54,44,50,54,52,50,54,44,53,51,44,53,54,44,53,51,44,53,48,44,53,52,44,53,51,93,44,48,125,93>>,<<91,93>>}]
error[2017/8/26 21:49:43][db_mysql:411]DB MYSQL ERROR:insert into `fangjian_huifang_log` set `id` = 1,`room_id` = 253333,`time` = 1503671886,`player_list` = "[{record_player,10000,[23567,21496,26426,53,56,53,50,54,53],0}]",`round_record_list` = "[]" <<"#23000Duplicate entry '1' for key 'PRIMARY'">>
error[2017/8/26 21:49:43][do_data_of_mysql:235]备份 插入房间记录数据 ,_Err--------------:error
error[2017/8/26 21:49:43][db_mysql:411]DB MYSQL ERROR:insert into `fangjian_huifang_log` set `id` = 2,`room_id` = 343722,`time` = 1503728750,`player_list` = "[{record_player,10000,[23567,21496,26426,53,56,53,50,54,53],0}]",`round_record_list` = "[]" <<"#23000Duplicate entry '2' for key 'PRIMARY'">>
error[2017/8/26 21:49:43][do_data_of_mysql:235]备份 插入房间记录数据 ,_Err--------------:error
error[2017/8/26 21:49:43][do_data_of_mnesia:167]此次同步结束， :[{101,2,343722,1503728750,<<91,123,114,101,99,111,114,100,95,112,108,97,121,101,114,44,49,48,48,48,48,44,91,50,51,53,54,55,44,50,49,52,57,54,44,50,54,52,50,54,44,53,51,44,53,54,44,53,51,44,53,48,44,53,52,44,53,51,93,44,48,125,93>>,<<91,93>>},{101,1,253333,1503671886,<<91,123,114,101,99,111,114,100,95,112,108,97,121,101,114,44,49,48,48,48,48,44,91,50,51,53,54,55,44,50,49,52,57,54,44,50,54,52,50,54,44,53,51,44,53,54,44,53,51,44,53,48,44,53,52,44,53,51,93,44,48,125,93>>,<<91,93>>}]
error[2017/8/26 21:54:43][db_mysql:411]DB MYSQL ERROR:insert into `fangjian_huifang_log` set `id` = 2,`room_id` = 343722,`time` = 1503728750,`player_list` = "[{record_player,10000,[23567,21496,26426,53,56,53,50,54,53],0}]",`round_record_list` = "[]" <<"#23000Duplicate entry '2' for key 'PRIMARY'">>
error[2017/8/26 21:54:43][do_data_of_mysql:235]备份 插入房间记录数据 ,_Err--------------:error
error[2017/8/26 21:54:43][db_mysql:411]DB MYSQL ERROR:insert into `fangjian_huifang_log` set `id` = 1,`room_id` = 253333,`time` = 1503671886,`player_list` = "[{record_player,10000,[23567,21496,26426,53,56,53,50,54,53],0}]",`round_record_list` = "[]" <<"#23000Duplicate entry '1' for key 'PRIMARY'">>
error[2017/8/26 21:54:43][do_data_of_mysql:235]备份 插入房间记录数据 ,_Err--------------:error
error[2017/8/26 21:54:43][do_data_of_mnesia:167]此次同步结束， :[{101,1,253333,1503671886,<<91,123,114,101,99,111,114,100,95,112,108,97,121,101,114,44,49,48,48,48,48,44,91,50,51,53,54,55,44,50,49,52,57,54,44,50,54,52,50,54,44,53,51,44,53,54,44,53,51,44,53,48,44,53,52,44,53,51,93,44,48,125,93>>,<<91,93>>},{101,2,343722,1503728750,<<91,123,114,101,99,111,114,100,95,112,108,97,121,101,114,44,49,48,48,48,48,44,91,50,51,53,54,55,44,50,49,52,57,54,44,50,54,52,50,54,44,53,51,44,53,54,44,53,51,44,53,48,44,53,52,44,53,51,93,44,48,125,93>>,<<91,93>>}]
error[2017/8/26 21:59:43][db_mysql:411]DB MYSQL ERROR:insert into `fangjian_huifang_log` set `id` = 1,`room_id` = 253333,`time` = 1503671886,`player_list` = "[{record_player,10000,[23567,21496,26426,53,56,53,50,54,53],0}]",`round_record_list` = "[]" <<"#23000Duplicate entry '1' for key 'PRIMARY'">>
error[2017/8/26 21:59:43][do_data_of_mysql:235]备份 插入房间记录数据 ,_Err--------------:error
error[2017/8/26 21:59:43][db_mysql:411]DB MYSQL ERROR:insert into `fangjian_huifang_log` set `id` = 2,`room_id` = 343722,`time` = 1503728750,`player_list` = "[{record_player,10000,[23567,21496,26426,53,56,53,50,54,53],0}]",`round_record_list` = "[]" <<"#23000Duplicate entry '2' for key 'PRIMARY'">>
error[2017/8/26 21:59:43][do_data_of_mysql:235]备份 插入房间记录数据 ,_Err--------------:error
error[2017/8/26 21:59:43][do_data_of_mnesia:167]此次同步结束， :[{101,2,343722,1503728750,<<91,123,114,101,99,111,114,100,95,112,108,97,121,101,114,44,49,48,48,48,48,44,91,50,51,53,54,55,44,50,49,52,57,54,44,50,54,52,50,54,44,53,51,44,53,54,44,53,51,44,53,48,44,53,52,44,53,51,93,44,48,125,93>>,<<91,93>>},{101,1,253333,1503671886,<<91,123,114,101,99,111,114,100,95,112,108,97,121,101,114,44,49,48,48,48,48,44,91,50,51,53,54,55,44,50,49,52,57,54,44,50,54,52,50,54,44,53,51,44,53,54,44,53,51,44,53,48,44,53,52,44,53,51,93,44,48,125,93>>,<<91,93>>}]
error[2017/8/26 23:8:7][db_mysql:411]DB MYSQL ERROR:insert into `fangjian_huifang_log` set `id` = 2,`room_id` = 343722,`time` = 1503728750,`player_list` = "[{record_player,10000,[23567,21496,26426,53,56,53,50,54,53],0}]",`round_record_list` = "[]" <<"#23000Duplicate entry '2' for key 'PRIMARY'">>
error[2017/8/26 23:8:7][do_data_of_mysql:235]备份 插入房间记录数据 ,_Err--------------:error
error[2017/8/26 23:8:8][db_mysql:411]DB MYSQL ERROR:insert into `fangjian_huifang_log` set `id` = 1,`room_id` = 253333,`time` = 1503671886,`player_list` = "[{record_player,10000,[23567,21496,26426,53,56,53,50,54,53],0}]",`round_record_list` = "[]" <<"#23000Duplicate entry '1' for key 'PRIMARY'">>
error[2017/8/26 23:8:8][do_data_of_mysql:235]备份 插入房间记录数据 ,_Err--------------:error
error[2017/8/26 23:8:8][do_data_of_mnesia:167]此次同步结束， :[{101,1,253333,1503671886,<<91,123,114,101,99,111,114,100,95,112,108,97,121,101,114,44,49,48,48,48,48,44,91,50,51,53,54,55,44,50,49,52,57,54,44,50,54,52,50,54,44,53,51,44,53,54,44,53,51,44,53,48,44,53,52,44,53,51,93,44,48,125,93>>,<<91,93>>},{101,2,343722,1503728750,<<91,123,114,101,99,111,114,100,95,112,108,97,121,101,114,44,49,48,48,48,48,44,91,50,51,53,54,55,44,50,49,52,57,54,44,50,54,52,50,54,44,53,51,44,53,54,44,53,51,44,53,48,44,53,52,44,53,51,93,44,48,125,93>>,<<91,93>>}]
error[2017/8/26 23:13:8][db_mysql:411]DB MYSQL ERROR:insert into `fangjian_huifang_log` set `id` = 1,`room_id` = 253333,`time` = 1503671886,`player_list` = "[{record_player,10000,[23567,21496,26426,53,56,53,50,54,53],0}]",`round_record_list` = "[]" <<"#23000Duplicate entry '1' for key 'PRIMARY'">>
error[2017/8/26 23:13:8][do_data_of_mysql:235]备份 插入房间记录数据 ,_Err--------------:error
error[2017/8/26 23:13:8][db_mysql:411]DB MYSQL ERROR:insert into `fangjian_huifang_log` set `id` = 2,`room_id` = 343722,`time` = 1503728750,`player_list` = "[{record_player,10000,[23567,21496,26426,53,56,53,50,54,53],0}]",`round_record_list` = "[]" <<"#23000Duplicate entry '2' for key 'PRIMARY'">>
error[2017/8/26 23:13:8][do_data_of_mysql:235]备份 插入房间记录数据 ,_Err--------------:error
error[2017/8/26 23:13:8][do_data_of_mnesia:167]此次同步结束， :[{101,2,343722,1503728750,<<91,123,114,101,99,111,114,100,95,112,108,97,121,101,114,44,49,48,48,48,48,44,91,50,51,53,54,55,44,50,49,52,57,54,44,50,54,52,50,54,44,53,51,44,53,54,44,53,51,44,53,48,44,53,52,44,53,51,93,44,48,125,93>>,<<91,93>>},{101,1,253333,1503671886,<<91,123,114,101,99,111,114,100,95,112,108,97,121,101,114,44,49,48,48,48,48,44,91,50,51,53,54,55,44,50,49,52,57,54,44,50,54,52,50,54,44,53,51,44,53,54,44,53,51,44,53,48,44,53,52,44,53,51,93,44,48,125,93>>,<<91,93>>}]
error[2017/8/26 23:18:8][db_mysql:411]DB MYSQL ERROR:insert into `fangjian_huifang_log` set `id` = 2,`room_id` = 343722,`time` = 1503728750,`player_list` = "[{record_player,10000,[23567,21496,26426,53,56,53,50,54,53],0}]",`round_record_list` = "[]" <<"#23000Duplicate entry '2' for key 'PRIMARY'">>
error[2017/8/26 23:18:8][do_data_of_mysql:235]备份 插入房间记录数据 ,_Err--------------:error
error[2017/8/26 23:18:8][db_mysql:411]DB MYSQL ERROR:insert into `fangjian_huifang_log` set `id` = 1,`room_id` = 253333,`time` = 1503671886,`player_list` = "[{record_player,10000,[23567,21496,26426,53,56,53,50,54,53],0}]",`round_record_list` = "[]" <<"#23000Duplicate entry '1' for key 'PRIMARY'">>
error[2017/8/26 23:18:8][do_data_of_mysql:235]备份 插入房间记录数据 ,_Err--------------:error
error[2017/8/26 23:18:8][do_data_of_mnesia:167]此次同步结束， :[{101,1,253333,1503671886,<<91,123,114,101,99,111,114,100,95,112,108,97,121,101,114,44,49,48,48,48,48,44,91,50,51,53,54,55,44,50,49,52,57,54,44,50,54,52,50,54,44,53,51,44,53,54,44,53,51,44,53,48,44,53,52,44,53,51,93,44,48,125,93>>,<<91,93>>},{101,2,343722,1503728750,<<91,123,114,101,99,111,114,100,95,112,108,97,121,101,114,44,49,48,48,48,48,44,91,50,51,53,54,55,44,50,49,52,57,54,44,50,54,52,50,54,44,53,51,44,53,54,44,53,51,44,53,48,44,53,52,44,53,51,93,44,48,125,93>>,<<91,93>>}]
error[2017/8/26 23:23:8][db_mysql:411]DB MYSQL ERROR:insert into `fangjian_huifang_log` set `id` = 1,`room_id` = 253333,`time` = 1503671886,`player_list` = "[{record_player,10000,[23567,21496,26426,53,56,53,50,54,53],0}]",`round_record_list` = "[]" <<"#23000Duplicate entry '1' for key 'PRIMARY'">>
error[2017/8/26 23:23:8][do_data_of_mysql:235]备份 插入房间记录数据 ,_Err--------------:error
error[2017/8/26 23:23:8][db_mysql:411]DB MYSQL ERROR:insert into `fangjian_huifang_log` set `id` = 2,`room_id` = 343722,`time` = 1503728750,`player_list` = "[{record_player,10000,[23567,21496,26426,53,56,53,50,54,53],0}]",`round_record_list` = "[]" <<"#23000Duplicate entry '2' for key 'PRIMARY'">>
error[2017/8/26 23:23:8][do_data_of_mysql:235]备份 插入房间记录数据 ,_Err--------------:error
error[2017/8/26 23:23:8][do_data_of_mnesia:167]此次同步结束， :[{101,2,343722,1503728750,<<91,123,114,101,99,111,114,100,95,112,108,97,121,101,114,44,49,48,48,48,48,44,91,50,51,53,54,55,44,50,49,52,57,54,44,50,54,52,50,54,44,53,51,44,53,54,44,53,51,44,53,48,44,53,52,44,53,51,93,44,48,125,93>>,<<91,93>>},{101,1,253333,1503671886,<<91,123,114,101,99,111,114,100,95,112,108,97,121,101,114,44,49,48,48,48,48,44,91,50,51,53,54,55,44,50,49,52,57,54,44,50,54,52,50,54,44,53,51,44,53,54,44,53,51,44,53,48,44,53,52,44,53,51,93,44,48,125,93>>,<<91,93>>}]
error[2017/8/26 23:28:8][db_mysql:411]DB MYSQL ERROR:insert into `fangjian_huifang_log` set `id` = 2,`room_id` = 343722,`time` = 1503728750,`player_list` = "[{record_player,10000,[23567,21496,26426,53,56,53,50,54,53],0}]",`round_record_list` = "[]" <<"#23000Duplicate entry '2' for key 'PRIMARY'">>
error[2017/8/26 23:28:8][do_data_of_mysql:235]备份 插入房间记录数据 ,_Err--------------:error
error[2017/8/26 23:28:8][db_mysql:411]DB MYSQL ERROR:insert into `fangjian_huifang_log` set `id` = 1,`room_id` = 253333,`time` = 1503671886,`player_list` = "[{record_player,10000,[23567,21496,26426,53,56,53,50,54,53],0}]",`round_record_list` = "[]" <<"#23000Duplicate entry '1' for key 'PRIMARY'">>
error[2017/8/26 23:28:8][do_data_of_mysql:235]备份 插入房间记录数据 ,_Err--------------:error
error[2017/8/26 23:28:8][do_data_of_mnesia:167]此次同步结束， :[{101,1,253333,1503671886,<<91,123,114,101,99,111,114,100,95,112,108,97,121,101,114,44,49,48,48,48,48,44,91,50,51,53,54,55,44,50,49,52,57,54,44,50,54,52,50,54,44,53,51,44,53,54,44,53,51,44,53,48,44,53,52,44,53,51,93,44,48,125,93>>,<<91,93>>},{101,2,343722,1503728750,<<91,123,114,101,99,111,114,100,95,112,108,97,121,101,114,44,49,48,48,48,48,44,91,50,51,53,54,55,44,50,49,52,57,54,44,50,54,52,50,54,44,53,51,44,53,54,44,53,51,44,53,48,44,53,52,44,53,51,93,44,48,125,93>>,<<91,93>>}]
error[2017/8/26 23:33:8][db_mysql:411]DB MYSQL ERROR:insert into `fangjian_huifang_log` set `id` = 1,`room_id` = 253333,`time` = 1503671886,`player_list` = "[{record_player,10000,[23567,21496,26426,53,56,53,50,54,53],0}]",`round_record_list` = "[]" <<"#23000Duplicate entry '1' for key 'PRIMARY'">>
error[2017/8/26 23:33:8][do_data_of_mysql:235]备份 插入房间记录数据 ,_Err--------------:error
error[2017/8/26 23:33:8][db_mysql:411]DB MYSQL ERROR:insert into `fangjian_huifang_log` set `id` = 2,`room_id` = 343722,`time` = 1503728750,`player_list` = "[{record_player,10000,[23567,21496,26426,53,56,53,50,54,53],0}]",`round_record_list` = "[]" <<"#23000Duplicate entry '2' for key 'PRIMARY'">>
error[2017/8/26 23:33:8][do_data_of_mysql:235]备份 插入房间记录数据 ,_Err--------------:error
error[2017/8/26 23:33:8][do_data_of_mnesia:167]此次同步结束， :[{101,2,343722,1503728750,<<91,123,114,101,99,111,114,100,95,112,108,97,121,101,114,44,49,48,48,48,48,44,91,50,51,53,54,55,44,50,49,52,57,54,44,50,54,52,50,54,44,53,51,44,53,54,44,53,51,44,53,48,44,53,52,44,53,51,93,44,48,125,93>>,<<91,93>>},{101,1,253333,1503671886,<<91,123,114,101,99,111,114,100,95,112,108,97,121,101,114,44,49,48,48,48,48,44,91,50,51,53,54,55,44,50,49,52,57,54,44,50,54,52,50,54,44,53,51,44,53,54,44,53,51,44,53,48,44,53,52,44,53,51,93,44,48,125,93>>,<<91,93>>}]
error[2017/8/26 23:38:8][db_mysql:411]DB MYSQL ERROR:insert into `fangjian_huifang_log` set `id` = 2,`room_id` = 343722,`time` = 1503728750,`player_list` = "[{record_player,10000,[23567,21496,26426,53,56,53,50,54,53],0}]",`round_record_list` = "[]" <<"#23000Duplicate entry '2' for key 'PRIMARY'">>
error[2017/8/26 23:38:8][do_data_of_mysql:235]备份 插入房间记录数据 ,_Err--------------:error
error[2017/8/26 23:38:8][db_mysql:411]DB MYSQL ERROR:insert into `fangjian_huifang_log` set `id` = 1,`room_id` = 253333,`time` = 1503671886,`player_list` = "[{record_player,10000,[23567,21496,26426,53,56,53,50,54,53],0}]",`round_record_list` = "[]" <<"#23000Duplicate entry '1' for key 'PRIMARY'">>
error[2017/8/26 23:38:8][do_data_of_mysql:235]备份 插入房间记录数据 ,_Err--------------:error
error[2017/8/26 23:38:8][do_data_of_mnesia:167]此次同步结束， :[{101,1,253333,1503671886,<<91,123,114,101,99,111,114,100,95,112,108,97,121,101,114,44,49,48,48,48,48,44,91,50,51,53,54,55,44,50,49,52,57,54,44,50,54,52,50,54,44,53,51,44,53,54,44,53,51,44,53,48,44,53,52,44,53,51,93,44,48,125,93>>,<<91,93>>},{101,2,343722,1503728750,<<91,123,114,101,99,111,114,100,95,112,108,97,121,101,114,44,49,48,48,48,48,44,91,50,51,53,54,55,44,50,49,52,57,54,44,50,54,52,50,54,44,53,51,44,53,54,44,53,51,44,53,48,44,53,52,44,53,51,93,44,48,125,93>>,<<91,93>>}]
error[2017/8/26 23:43:9][db_mysql:411]DB MYSQL ERROR:insert into `fangjian_huifang_log` set `id` = 1,`room_id` = 253333,`time` = 1503671886,`player_list` = "[{record_player,10000,[23567,21496,26426,53,56,53,50,54,53],0}]",`round_record_list` = "[]" <<"#23000Duplicate entry '1' for key 'PRIMARY'">>
error[2017/8/26 23:43:9][do_data_of_mysql:235]备份 插入房间记录数据 ,_Err--------------:error
error[2017/8/26 23:43:9][db_mysql:411]DB MYSQL ERROR:insert into `fangjian_huifang_log` set `id` = 2,`room_id` = 343722,`time` = 1503728750,`player_list` = "[{record_player,10000,[23567,21496,26426,53,56,53,50,54,53],0}]",`round_record_list` = "[]" <<"#23000Duplicate entry '2' for key 'PRIMARY'">>
error[2017/8/26 23:43:9][do_data_of_mysql:235]备份 插入房间记录数据 ,_Err--------------:error
error[2017/8/26 23:43:9][do_data_of_mnesia:167]此次同步结束， :[{101,2,343722,1503728750,<<91,123,114,101,99,111,114,100,95,112,108,97,121,101,114,44,49,48,48,48,48,44,91,50,51,53,54,55,44,50,49,52,57,54,44,50,54,52,50,54,44,53,51,44,53,54,44,53,51,44,53,48,44,53,52,44,53,51,93,44,48,125,93>>,<<91,93>>},{101,1,253333,1503671886,<<91,123,114,101,99,111,114,100,95,112,108,97,121,101,114,44,49,48,48,48,48,44,91,50,51,53,54,55,44,50,49,52,57,54,44,50,54,52,50,54,44,53,51,44,53,54,44,53,51,44,53,48,44,53,52,44,53,51,93,44,48,125,93>>,<<91,93>>}]
error[2017/8/26 23:48:9][db_mysql:411]DB MYSQL ERROR:insert into `fangjian_huifang_log` set `id` = 2,`room_id` = 343722,`time` = 1503728750,`player_list` = "[{record_player,10000,[23567,21496,26426,53,56,53,50,54,53],0}]",`round_record_list` = "[]" <<"#23000Duplicate entry '2' for key 'PRIMARY'">>
error[2017/8/26 23:48:9][do_data_of_mysql:235]备份 插入房间记录数据 ,_Err--------------:error
error[2017/8/26 23:48:9][db_mysql:411]DB MYSQL ERROR:insert into `fangjian_huifang_log` set `id` = 1,`room_id` = 253333,`time` = 1503671886,`player_list` = "[{record_player,10000,[23567,21496,26426,53,56,53,50,54,53],0}]",`round_record_list` = "[]" <<"#23000Duplicate entry '1' for key 'PRIMARY'">>
error[2017/8/26 23:48:9][do_data_of_mysql:235]备份 插入房间记录数据 ,_Err--------------:error
error[2017/8/26 23:48:9][do_data_of_mnesia:167]此次同步结束， :[{101,1,253333,1503671886,<<91,123,114,101,99,111,114,100,95,112,108,97,121,101,114,44,49,48,48,48,48,44,91,50,51,53,54,55,44,50,49,52,57,54,44,50,54,52,50,54,44,53,51,44,53,54,44,53,51,44,53,48,44,53,52,44,53,51,93,44,48,125,93>>,<<91,93>>},{101,2,343722,1503728750,<<91,123,114,101,99,111,114,100,95,112,108,97,121,101,114,44,49,48,48,48,48,44,91,50,51,53,54,55,44,50,49,52,57,54,44,50,54,52,50,54,44,53,51,44,53,54,44,53,51,44,53,48,44,53,52,44,53,51,93,44,48,125,93>>,<<91,93>>}]
error[2017/8/26 23:53:9][db_mysql:411]DB MYSQL ERROR:insert into `fangjian_huifang_log` set `id` = 1,`room_id` = 253333,`time` = 1503671886,`player_list` = "[{record_player,10000,[23567,21496,26426,53,56,53,50,54,53],0}]",`round_record_list` = "[]" <<"#23000Duplicate entry '1' for key 'PRIMARY'">>
error[2017/8/26 23:53:9][do_data_of_mysql:235]备份 插入房间记录数据 ,_Err--------------:error
error[2017/8/26 23:53:9][db_mysql:411]DB MYSQL ERROR:insert into `fangjian_huifang_log` set `id` = 2,`room_id` = 343722,`time` = 1503728750,`player_list` = "[{record_player,10000,[23567,21496,26426,53,56,53,50,54,53],0}]",`round_record_list` = "[]" <<"#23000Duplicate entry '2' for key 'PRIMARY'">>
error[2017/8/26 23:53:9][do_data_of_mysql:235]备份 插入房间记录数据 ,_Err--------------:error
error[2017/8/26 23:53:9][do_data_of_mnesia:167]此次同步结束， :[{101,2,343722,1503728750,<<91,123,114,101,99,111,114,100,95,112,108,97,121,101,114,44,49,48,48,48,48,44,91,50,51,53,54,55,44,50,49,52,57,54,44,50,54,52,50,54,44,53,51,44,53,54,44,53,51,44,53,48,44,53,52,44,53,51,93,44,48,125,93>>,<<91,93>>},{101,1,253333,1503671886,<<91,123,114,101,99,111,114,100,95,112,108,97,121,101,114,44,49,48,48,48,48,44,91,50,51,53,54,55,44,50,49,52,57,54,44,50,54,52,50,54,44,53,51,44,53,54,44,53,51,44,53,48,44,53,52,44,53,51,93,44,48,125,93>>,<<91,93>>}]
error[2017/8/26 23:58:9][db_mysql:411]DB MYSQL ERROR:insert into `fangjian_huifang_log` set `id` = 2,`room_id` = 343722,`time` = 1503728750,`player_list` = "[{record_player,10000,[23567,21496,26426,53,56,53,50,54,53],0}]",`round_record_list` = "[]" <<"#23000Duplicate entry '2' for key 'PRIMARY'">>
error[2017/8/26 23:58:9][do_data_of_mysql:235]备份 插入房间记录数据 ,_Err--------------:error
error[2017/8/26 23:58:9][db_mysql:411]DB MYSQL ERROR:insert into `fangjian_huifang_log` set `id` = 1,`room_id` = 253333,`time` = 1503671886,`player_list` = "[{record_player,10000,[23567,21496,26426,53,56,53,50,54,53],0}]",`round_record_list` = "[]" <<"#23000Duplicate entry '1' for key 'PRIMARY'">>
error[2017/8/26 23:58:9][do_data_of_mysql:235]备份 插入房间记录数据 ,_Err--------------:error
error[2017/8/26 23:58:9][do_data_of_mnesia:167]此次同步结束， :[{101,1,253333,1503671886,<<91,123,114,101,99,111,114,100,95,112,108,97,121,101,114,44,49,48,48,48,48,44,91,50,51,53,54,55,44,50,49,52,57,54,44,50,54,52,50,54,44,53,51,44,53,54,44,53,51,44,53,48,44,53,52,44,53,51,93,44,48,125,93>>,<<91,93>>},{101,2,343722,1503728750,<<91,123,114,101,99,111,114,100,95,112,108,97,121,101,114,44,49,48,48,48,48,44,91,50,51,53,54,55,44,50,49,52,57,54,44,50,54,52,50,54,44,53,51,44,53,54,44,53,51,44,53,48,44,53,52,44,53,51,93,44,48,125,93>>,<<91,93>>}]
