error[2017/8/8 23:57:32][hall_rpc:63]IsJoin-------------------------:ok
error[2017/8/8 23:57:32][hall_rpc:65]Room2---------------------:{room,873940,<0.352.0>,10044,0,3,101,{room_niuniu_property,1,true,false,1,true,1,1,false,false,false,false,false,2,false,false,1},[2,3,4,6,7],false,false,1}
error[2017/8/8 23:57:39][room_niuniu:1324]b---------------------------------:{0,1}
error[2017/8/8 23:57:39][room_niuniu:1325]RoomType--------------------------------:101
error[2017/8/8 23:57:39][room_niuniu:1327]DoubleType--------------------------------:1
error[2017/8/8 23:57:39][room_niuniu:1334]List---------------------------:[{{-800,-1200},[{6,1000},{7,1000},{8,1000},{9,1000},{0,6000}]},{{-1200,-1600},[{6,2000},{7,1000},{8,1000},{9,1000},{0,5000}]},{{-1600,-2000},[{6,2000},{7,2000},{8,1000},{9,1000},{0,4000}]},{{-2000,-30000},[{6,2000},{7,2000},{8,2000},{9,2000},{0,2000}]}]
error[2017/8/8 23:57:39][room_niuniu:1258]2-----------------------------------------
error[2017/8/8 23:57:39][room_niuniu:1258]2-----------------------------------------
error[2017/8/8 23:57:39][room_niuniu:1258]2-----------------------------------------
error[2017/8/8 23:57:39][room_niuniu:1258]2-----------------------------------------
error[2017/8/8 23:57:39][room_niuniu:1238]0-------------------------------------
error[2017/8/8 23:57:39][room_niuniu:1324]b---------------------------------:{-800,-800}
error[2017/8/8 23:57:39][room_niuniu:1325]RoomType--------------------------------:101
error[2017/8/8 23:57:39][room_niuniu:1327]DoubleType--------------------------------:1
error[2017/8/8 23:57:39][room_niuniu:1334]List---------------------------:[{{-800,-1200},[{6,1000},{7,1000},{8,1000},{9,1000},{0,6000}]},{{-1200,-1600},[{6,2000},{7,1000},{8,1000},{9,1000},{0,5000}]},{{-1600,-2000},[{6,2000},{7,2000},{8,1000},{9,1000},{0,4000}]},{{-2000,-30000},[{6,2000},{7,2000},{8,2000},{9,2000},{0,2000}]}]
error[2017/8/8 23:57:39][room_niuniu:1255]1-------------------------------------
error[2017/8/8 23:57:39][room_niuniu:1292]6---------------------------------------
error[2017/8/8 23:57:39][room_niuniu:1314]8---------------------------------------------
error[2017/8/8 23:57:39][room_niuniu:1314]8---------------------------------------------
error[2017/8/8 23:57:39][room_niuniu:1314]8---------------------------------------------
error[2017/8/8 23:57:39][room_niuniu:1311]7-----------------------------------------------
error[2017/8/8 23:57:39][room_niuniu:483]room_niuniu handle_event is exception:badarith
Event:{chip_in,10049,2}
error[2017/8/8 23:57:39][room_niuniu:484]get_stacktrace:
[{util,get_sum_num_list,1,[{file,"src/lib/util.erl"},{line,211}]},
 {room_niuniu,do_get_niu,3,
              [{file,"src/mod/room/niuniu/room_niuniu.erl"},{line,1295}]},
 {room_niuniu,new_take_poker,3,
              [{file,"src/mod/room/niuniu/room_niuniu.erl"},{line,1341}]},
 {room_niuniu,'-complete_poker_list/2-fun-0-',6,
              [{file,"src/mod/room/niuniu/room_niuniu.erl"},{line,1693}]},
 {lists,mapfoldl,3,[{file,"lists.erl"},{line,1354}]},
 {lists,mapfoldl,3,[{file,"lists.erl"},{line,1355}]},
 {room_niuniu,complete_poker_list,2,
              [{file,"src/mod/room/niuniu/room_niuniu.erl"},{line,1741}]},
 {room_niuniu,do_handle_event,3,
              [{file,"src/mod/room/niuniu/room_niuniu.erl"},{line,756}]}]
